2025-03-05 16:05:01,930 [INFO ] Random seed set as 1
2025-03-05 16:05:01,930 [INFO ] Retrieving data
2025-03-05 16:06:44,486 [INFO ] Random seed set as 1
2025-03-05 16:06:44,486 [INFO ] Retrieving data
2025-03-05 16:06:46,557 [INFO ] Available Edge Features: ['EdgeID', 'from_id', 'to_id', 'Timestamp', 'Amount Sent', 'Sent Currency', 'Amount Received', 'Received Currency', 'Payment Format', 'Is Laundering']
2025-03-05 16:07:25,219 [INFO ] Illicit ratio = 5177 / 5078345 = 0.10%
2025-03-05 16:07:25,219 [INFO ] Number of nodes (holdings doing transcations) = 515088
2025-03-05 16:07:25,220 [INFO ] Number of transactions = 5078345
2025-03-05 16:07:25,220 [INFO ] Edge features being used: ['Timestamp', 'Amount Received', 'Received Currency', 'Payment Format']
2025-03-05 16:07:25,222 [INFO ] Node features being used: ['Feature'] ("Feature" is a placeholder feature of all 1s)
2025-03-05 16:07:25,384 [INFO ] number of days and transactions in the data: 18 days, 5078345 transactions
2025-03-05 16:07:25,540 [INFO ] Calculate split: [[0, 1, 2, 3, 4, 5], [6, 7], [8, 9, 10, 11, 12, 13, 14, 15, 16, 17]]
2025-03-05 16:07:25,554 [INFO ] Total train samples: 63.98% || IR: 0.08% || Train days: [0, 1, 2, 3, 4]
2025-03-05 16:07:25,556 [INFO ] Total val samples: 19.01% || IR: 0.11% || Val days: [6, 7]
2025-03-05 16:07:25,559 [INFO ] Total test samples: 17.01% || IR: 0.19% || Test days: [8, 9, 10, 11, 12]
2025-03-05 16:07:25,897 [INFO ] train data object: GraphData(x=[515088, 1], edge_index=[2, 3248921], edge_attr=[3248921, 4], y=[3248921], readout='edge', loss_fn='ce', num_nodes=515088, timestamps=[3248921])
2025-03-05 16:07:25,898 [INFO ] validation data object: GraphData(x=[515088, 1], edge_index=[2, 4214445], edge_attr=[4214445, 4], y=[4214445], readout='edge', loss_fn='ce', num_nodes=515088, timestamps=[4214445])
2025-03-05 16:07:25,898 [INFO ] test data object: GraphData(x=[515088, 1], edge_index=[2, 5078345], edge_attr=[5078345, 4], y=[5078345], readout='edge', loss_fn='ce', num_nodes=515088, timestamps=[5078345])
2025-03-05 16:07:25,908 [INFO ] Retrieved data in 41.42s
2025-03-05 16:07:25,908 [INFO ] Running Training
2025-03-05 16:14:28,371 [INFO ] Closing mailbox, abandoning 0 handles.
2025-03-05 16:15:30,097 [INFO ] Random seed set as 1
2025-03-05 16:15:30,097 [INFO ] Retrieving data
2025-03-05 16:15:32,143 [INFO ] Available Edge Features: ['EdgeID', 'from_id', 'to_id', 'Timestamp', 'Amount Sent', 'Sent Currency', 'Amount Received', 'Received Currency', 'Payment Format', 'Is Laundering']
2025-03-05 16:16:12,416 [INFO ] Illicit ratio = 5177 / 5078345 = 0.10%
2025-03-05 16:16:12,416 [INFO ] Number of nodes (holdings doing transcations) = 515088
2025-03-05 16:16:12,417 [INFO ] Number of transactions = 5078345
2025-03-05 16:16:12,417 [INFO ] Edge features being used: ['Timestamp', 'Amount Received', 'Received Currency', 'Payment Format']
2025-03-05 16:16:12,417 [INFO ] Node features being used: ['Feature'] ("Feature" is a placeholder feature of all 1s)
2025-03-05 16:16:12,533 [INFO ] number of days and transactions in the data: 18 days, 5078345 transactions
2025-03-05 16:16:12,680 [INFO ] Calculate split: [[0, 1, 2, 3, 4, 5], [6, 7], [8, 9, 10, 11, 12, 13, 14, 15, 16, 17]]
2025-03-05 16:16:12,688 [INFO ] Total train samples: 63.98% || IR: 0.08% || Train days: [0, 1, 2, 3, 4]
2025-03-05 16:16:12,690 [INFO ] Total val samples: 19.01% || IR: 0.11% || Val days: [6, 7]
2025-03-05 16:16:12,692 [INFO ] Total test samples: 17.01% || IR: 0.19% || Test days: [8, 9, 10, 11, 12]
2025-03-05 16:16:13,050 [INFO ] train data object: GraphData(x=[515088, 1], edge_index=[2, 3248921], edge_attr=[3248921, 4], y=[3248921], readout='edge', loss_fn='ce', num_nodes=515088, timestamps=[3248921])
2025-03-05 16:16:13,051 [INFO ] validation data object: GraphData(x=[515088, 1], edge_index=[2, 4214445], edge_attr=[4214445, 4], y=[4214445], readout='edge', loss_fn='ce', num_nodes=515088, timestamps=[4214445])
2025-03-05 16:16:13,052 [INFO ] test data object: GraphData(x=[515088, 1], edge_index=[2, 5078345], edge_attr=[5078345, 4], y=[5078345], readout='edge', loss_fn='ce', num_nodes=515088, timestamps=[5078345])
2025-03-05 16:16:13,059 [INFO ] Retrieved data in 42.96s
2025-03-05 16:16:13,059 [INFO ] Running Training
2025-03-05 16:16:24,283 [INFO ] +---------------------------------+----------------------------------------+----------------+----------+
| Layer                           | Input Shape                            | Output Shape   | #Param   |
|---------------------------------+----------------------------------------+----------------+----------|
| GINe                            | [50614, 1], [2, 341148], [341148, 4]   | [341148, 2]    | 38,535   |
| ©À©¤(node_emb)Linear              | [50614, 1]                             | [50614, 66]    | 132      |
| ©À©¤(edge_emb)Linear              | [341148, 4]                            | [341148, 66]   | 330      |
| ©À©¤(convs)ModuleList             | --                                     | --             | 26,532   |
| ©¦    ©¸©¤(0)GINEConv              | [50614, 66], [2, 341148], [341148, 66] | [50614, 66]    | 13,266   |
| ©¦    ©¸©¤(1)GINEConv              | [50614, 66], [2, 341148], [341148, 66] | [50614, 66]    | 13,266   |
| ©À©¤(emlps)ModuleList             | --                                     | --             | --       |
| ©À©¤(batch_norms)ModuleList       | --                                     | --             | 264      |
| ©¦    ©¸©¤(0)BatchNorm             | [50614, 66]                            | [50614, 66]    | 132      |
| ©¦    ©¦    ©¸©¤(module)BatchNorm1d | [50614, 66]                            | [50614, 66]    | 132      |
| ©¦    ©¸©¤(1)BatchNorm             | [50614, 66]                            | [50614, 66]    | 132      |
| ©¦    ©¦    ©¸©¤(module)BatchNorm1d | [50614, 66]                            | [50614, 66]    | 132      |
| ©À©¤(mlp)Sequential               | [341148, 198]                          | [341148, 2]    | 11,277   |
| ©¦    ©¸©¤(0)Linear                | [341148, 198]                          | [341148, 50]   | 9,950    |
| ©¦    ©¸©¤(1)ReLU                  | [341148, 50]                           | [341148, 50]   | --       |
| ©¦    ©¸©¤(2)Dropout               | [341148, 50]                           | [341148, 50]   | --       |
| ©¦    ©¸©¤(3)Linear                | [341148, 50]                           | [341148, 25]   | 1,275    |
| ©¦    ©¸©¤(4)ReLU                  | [341148, 25]                           | [341148, 25]   | --       |
| ©¦    ©¸©¤(5)Dropout               | [341148, 25]                           | [341148, 25]   | --       |
| ©¦    ©¸©¤(6)Linear                | [341148, 25]                           | [341148, 2]    | 52       |
+---------------------------------+----------------------------------------+----------------+----------+
2025-03-05 16:17:48,308 [INFO ] Train F1: 0.0016
2025-03-05 16:18:51,963 [INFO ] Validation F1: 0.0000
2025-03-05 16:18:51,964 [INFO ] Test F1: 0.0000
2025-03-05 16:20:13,865 [INFO ] Train F1: 0.0000
2025-03-05 16:21:18,438 [INFO ] Validation F1: 0.0000
2025-03-05 16:21:18,439 [INFO ] Test F1: 0.0000
2025-03-05 16:22:41,036 [INFO ] Train F1: 0.0000
2025-03-05 16:23:44,896 [INFO ] Validation F1: 0.0000
2025-03-05 16:23:44,897 [INFO ] Test F1: 0.0000
2025-03-05 16:25:07,418 [INFO ] Train F1: 0.0000
2025-03-05 16:26:22,033 [INFO ] Validation F1: 0.0000
2025-03-05 16:26:22,034 [INFO ] Test F1: 0.0000
2025-03-05 16:27:56,188 [INFO ] Train F1: 0.0000
2025-03-05 16:29:09,849 [INFO ] Validation F1: 0.0000
2025-03-05 16:29:09,850 [INFO ] Test F1: 0.0000
2025-03-05 16:30:32,492 [INFO ] Train F1: 0.0000
2025-03-05 16:31:36,172 [INFO ] Validation F1: 0.0000
2025-03-05 16:31:36,173 [INFO ] Test F1: 0.0000
2025-03-05 16:32:57,286 [INFO ] Train F1: 0.0078
2025-03-05 16:34:00,511 [INFO ] Validation F1: 0.1311
2025-03-05 16:34:00,512 [INFO ] Test F1: 0.1874
2025-03-05 16:35:21,548 [INFO ] Train F1: 0.1505
2025-03-05 16:36:25,171 [INFO ] Validation F1: 0.1728
2025-03-05 16:36:25,171 [INFO ] Test F1: 0.2620
2025-03-05 16:37:47,782 [INFO ] Train F1: 0.1956
2025-03-05 16:38:51,827 [INFO ] Validation F1: 0.1846
2025-03-05 16:38:51,828 [INFO ] Test F1: 0.2787
2025-03-05 16:40:14,470 [INFO ] Train F1: 0.2184
2025-03-05 16:41:16,765 [INFO ] Validation F1: 0.2183
2025-03-05 16:41:16,766 [INFO ] Test F1: 0.2369
2025-03-05 16:42:39,129 [INFO ] Train F1: 0.2385
2025-03-05 16:43:41,845 [INFO ] Validation F1: 0.2308
2025-03-05 16:43:41,846 [INFO ] Test F1: 0.2678
2025-03-05 16:45:04,581 [INFO ] Train F1: 0.2526
2025-03-05 16:46:06,388 [INFO ] Validation F1: 0.2567
2025-03-05 16:46:06,389 [INFO ] Test F1: 0.2473
2025-03-05 16:47:28,722 [INFO ] Train F1: 0.2645
2025-03-05 16:48:32,752 [INFO ] Validation F1: 0.2351
2025-03-05 16:48:32,753 [INFO ] Test F1: 0.2409
2025-03-05 16:49:53,268 [INFO ] Train F1: 0.2796
2025-03-05 16:50:56,751 [INFO ] Validation F1: 0.2204
2025-03-05 16:50:56,753 [INFO ] Test F1: 0.1784
2025-03-05 16:52:17,317 [INFO ] Train F1: 0.2881
2025-03-05 16:53:20,941 [INFO ] Validation F1: 0.2437
2025-03-05 16:53:20,941 [INFO ] Test F1: 0.2133
2025-03-05 16:54:42,581 [INFO ] Train F1: 0.3079
2025-03-05 16:55:46,232 [INFO ] Validation F1: 0.2973
2025-03-05 16:55:46,233 [INFO ] Test F1: 0.2653
2025-03-05 16:57:08,387 [INFO ] Train F1: 0.3169
2025-03-05 16:58:11,517 [INFO ] Validation F1: 0.2842
2025-03-05 16:58:11,517 [INFO ] Test F1: 0.2853
2025-03-05 16:59:29,851 [INFO ] Train F1: 0.3259
2025-03-05 17:00:27,209 [INFO ] Validation F1: 0.2888
2025-03-05 17:00:27,209 [INFO ] Test F1: 0.1868
2025-03-05 17:01:39,083 [INFO ] Train F1: 0.3232
2025-03-05 17:02:36,624 [INFO ] Validation F1: 0.2881
2025-03-05 17:02:36,625 [INFO ] Test F1: 0.2599
2025-03-05 17:03:48,633 [INFO ] Train F1: 0.3490
2025-03-05 17:04:46,147 [INFO ] Validation F1: 0.3046
2025-03-05 17:04:46,147 [INFO ] Test F1: 0.2856
2025-03-05 17:05:58,388 [INFO ] Train F1: 0.3483
2025-03-05 17:06:56,168 [INFO ] Validation F1: 0.3300
2025-03-05 17:06:56,169 [INFO ] Test F1: 0.2737
2025-03-05 17:08:07,867 [INFO ] Train F1: 0.3491
2025-03-05 17:09:05,190 [INFO ] Validation F1: 0.2593
2025-03-05 17:09:05,191 [INFO ] Test F1: 0.2485
2025-03-05 17:10:16,960 [INFO ] Train F1: 0.3504
2025-03-05 17:11:14,674 [INFO ] Validation F1: 0.3239
2025-03-05 17:11:14,674 [INFO ] Test F1: 0.2484
2025-03-05 17:12:26,938 [INFO ] Train F1: 0.2688
2025-03-05 17:13:24,577 [INFO ] Validation F1: 0.2453
2025-03-05 17:13:24,578 [INFO ] Test F1: 0.2545
2025-03-05 17:14:36,398 [INFO ] Train F1: 0.3105
2025-03-05 17:15:33,802 [INFO ] Validation F1: 0.3034
2025-03-05 17:15:33,802 [INFO ] Test F1: 0.2840
2025-03-05 17:16:45,465 [INFO ] Train F1: 0.3349
2025-03-05 17:17:42,570 [INFO ] Validation F1: 0.2990
2025-03-05 17:17:42,571 [INFO ] Test F1: 0.3009
2025-03-05 17:18:53,495 [INFO ] Train F1: 0.3608
2025-03-05 17:19:50,383 [INFO ] Validation F1: 0.3453
2025-03-05 17:19:50,384 [INFO ] Test F1: 0.3067
2025-03-05 17:21:01,468 [INFO ] Train F1: 0.3673
2025-03-05 17:21:58,062 [INFO ] Validation F1: 0.3127
2025-03-05 17:21:58,064 [INFO ] Test F1: 0.2946
2025-03-05 17:23:09,273 [INFO ] Train F1: 0.3701
2025-03-05 17:24:06,078 [INFO ] Validation F1: 0.3445
2025-03-05 17:24:06,078 [INFO ] Test F1: 0.3101
2025-03-05 17:25:17,035 [INFO ] Train F1: 0.3650
2025-03-05 17:26:13,884 [INFO ] Validation F1: 0.3352
2025-03-05 17:26:13,884 [INFO ] Test F1: 0.3359
2025-03-05 17:27:25,252 [INFO ] Train F1: 0.3836
2025-03-05 17:28:22,272 [INFO ] Validation F1: 0.3336
2025-03-05 17:28:22,273 [INFO ] Test F1: 0.2765
2025-03-05 17:29:33,321 [INFO ] Train F1: 0.3816
2025-03-05 17:30:30,154 [INFO ] Validation F1: 0.3052
2025-03-05 17:30:30,155 [INFO ] Test F1: 0.2758
2025-03-05 17:31:41,070 [INFO ] Train F1: 0.3753
2025-03-05 17:32:38,026 [INFO ] Validation F1: 0.3212
2025-03-05 17:32:38,027 [INFO ] Test F1: 0.2993
2025-03-05 17:33:49,092 [INFO ] Train F1: 0.3698
2025-03-05 17:34:45,957 [INFO ] Validation F1: 0.2765
2025-03-05 17:34:45,957 [INFO ] Test F1: 0.1695
2025-03-05 17:35:57,002 [INFO ] Train F1: 0.3928
2025-03-05 17:36:53,892 [INFO ] Validation F1: 0.3451
2025-03-05 17:36:53,893 [INFO ] Test F1: 0.2768
2025-03-05 17:38:05,053 [INFO ] Train F1: 0.3868
2025-03-05 17:39:01,853 [INFO ] Validation F1: 0.3375
2025-03-05 17:39:01,853 [INFO ] Test F1: 0.2898
2025-03-05 17:40:12,773 [INFO ] Train F1: 0.3843
2025-03-05 17:41:09,815 [INFO ] Validation F1: 0.3337
2025-03-05 17:41:09,815 [INFO ] Test F1: 0.2615
2025-03-05 17:42:20,928 [INFO ] Train F1: 0.3795
2025-03-05 17:43:17,842 [INFO ] Validation F1: 0.3699
2025-03-05 17:43:17,844 [INFO ] Test F1: 0.2804
2025-03-05 17:44:28,871 [INFO ] Train F1: 0.3849
2025-03-05 17:45:25,988 [INFO ] Validation F1: 0.3684
2025-03-05 17:45:25,989 [INFO ] Test F1: 0.3250
2025-03-05 17:46:37,180 [INFO ] Train F1: 0.3814
2025-03-05 17:47:34,152 [INFO ] Validation F1: 0.2718
2025-03-05 17:47:34,153 [INFO ] Test F1: 0.3027
2025-03-05 17:48:45,602 [INFO ] Train F1: 0.3901
2025-03-05 17:49:42,534 [INFO ] Validation F1: 0.3515
2025-03-05 17:49:42,535 [INFO ] Test F1: 0.3117
2025-03-05 17:50:54,625 [INFO ] Train F1: 0.3978
2025-03-05 17:51:52,254 [INFO ] Validation F1: 0.3914
2025-03-05 17:51:52,255 [INFO ] Test F1: 0.3326
2025-03-05 17:53:04,695 [INFO ] Train F1: 0.3843
2025-03-05 17:54:02,366 [INFO ] Validation F1: 0.3263
2025-03-05 17:54:02,367 [INFO ] Test F1: 0.3081
2025-03-05 17:55:14,148 [INFO ] Train F1: 0.3977
2025-03-05 17:56:11,790 [INFO ] Validation F1: 0.3622
2025-03-05 17:56:11,792 [INFO ] Test F1: 0.2752
2025-03-05 17:57:23,835 [INFO ] Train F1: 0.4077
2025-03-05 17:58:21,601 [INFO ] Validation F1: 0.3392
2025-03-05 17:58:21,603 [INFO ] Test F1: 0.2919
2025-03-05 17:59:33,761 [INFO ] Train F1: 0.4014
2025-03-05 18:00:30,463 [INFO ] Validation F1: 0.3421
2025-03-05 18:00:30,464 [INFO ] Test F1: 0.2227
2025-03-05 18:01:42,991 [INFO ] Train F1: 0.4046
2025-03-05 18:02:40,526 [INFO ] Validation F1: 0.3738
2025-03-05 18:02:40,527 [INFO ] Test F1: 0.2865
2025-03-05 18:03:52,325 [INFO ] Train F1: 0.4072
2025-03-05 18:04:49,872 [INFO ] Validation F1: 0.3465
2025-03-05 18:04:49,872 [INFO ] Test F1: 0.2271
2025-03-05 18:06:03,409 [INFO ] Train F1: 0.4132
2025-03-05 18:07:01,274 [INFO ] Validation F1: 0.3673
2025-03-05 18:07:01,274 [INFO ] Test F1: 0.2776
2025-03-05 18:08:13,035 [INFO ] Train F1: 0.4092
2025-03-05 18:09:10,664 [INFO ] Validation F1: 0.3538
2025-03-05 18:09:10,664 [INFO ] Test F1: 0.3352
2025-03-05 18:10:22,581 [INFO ] Train F1: 0.4117
2025-03-05 18:11:20,471 [INFO ] Validation F1: 0.3670
2025-03-05 18:11:20,472 [INFO ] Test F1: 0.3399
2025-03-05 18:12:33,148 [INFO ] Train F1: 0.4295
2025-03-05 18:13:31,033 [INFO ] Validation F1: 0.3466
2025-03-05 18:13:31,034 [INFO ] Test F1: 0.3173
2025-03-05 18:14:43,321 [INFO ] Train F1: 0.4287
2025-03-05 18:15:41,215 [INFO ] Validation F1: 0.3682
2025-03-05 18:15:41,215 [INFO ] Test F1: 0.2978
2025-03-05 18:16:53,199 [INFO ] Train F1: 0.4353
2025-03-05 18:17:50,977 [INFO ] Validation F1: 0.3589
2025-03-05 18:17:50,978 [INFO ] Test F1: 0.3312
2025-03-05 18:19:03,191 [INFO ] Train F1: 0.4258
2025-03-05 18:20:00,977 [INFO ] Validation F1: 0.3488
2025-03-05 18:20:00,978 [INFO ] Test F1: 0.2903
2025-03-05 18:21:13,174 [INFO ] Train F1: 0.4334
2025-03-05 18:22:10,710 [INFO ] Validation F1: 0.3775
2025-03-05 18:22:10,710 [INFO ] Test F1: 0.2674
2025-03-05 18:23:23,205 [INFO ] Train F1: 0.4435
2025-03-05 18:24:20,741 [INFO ] Validation F1: 0.3394
2025-03-05 18:24:20,742 [INFO ] Test F1: 0.2454
2025-03-05 18:25:33,152 [INFO ] Train F1: 0.4471
2025-03-05 18:26:29,766 [INFO ] Validation F1: 0.3880
2025-03-05 18:26:29,767 [INFO ] Test F1: 0.3092
2025-03-05 18:27:42,204 [INFO ] Train F1: 0.4314
2025-03-05 18:28:40,011 [INFO ] Validation F1: 0.3674
2025-03-05 18:28:40,012 [INFO ] Test F1: 0.2481
2025-03-05 18:29:52,118 [INFO ] Train F1: 0.4389
2025-03-05 18:30:49,949 [INFO ] Validation F1: 0.3992
2025-03-05 18:30:49,949 [INFO ] Test F1: 0.3265
2025-03-05 18:32:02,304 [INFO ] Train F1: 0.4422
2025-03-05 18:32:59,711 [INFO ] Validation F1: 0.3795
2025-03-05 18:32:59,711 [INFO ] Test F1: 0.3505
2025-03-05 18:34:11,897 [INFO ] Train F1: 0.4440
2025-03-05 18:35:09,427 [INFO ] Validation F1: 0.3935
2025-03-05 18:35:09,427 [INFO ] Test F1: 0.2733
2025-03-05 18:36:24,484 [INFO ] Train F1: 0.4385
2025-03-05 18:37:22,238 [INFO ] Validation F1: 0.3873
2025-03-05 18:37:22,239 [INFO ] Test F1: 0.2953
2025-03-05 18:39:02,407 [INFO ] Train F1: 0.4586
2025-03-05 18:40:23,999 [INFO ] Validation F1: 0.4394
2025-03-05 18:40:24,000 [INFO ] Test F1: 0.2902
2025-03-05 18:42:48,262 [INFO ] Train F1: 0.4495
2025-03-05 18:44:05,683 [INFO ] Validation F1: 0.4406
2025-03-05 18:44:05,684 [INFO ] Test F1: 0.3102
2025-03-05 18:46:28,042 [INFO ] Train F1: 0.4446
2025-03-05 18:47:41,891 [INFO ] Validation F1: 0.3768
2025-03-05 18:47:41,892 [INFO ] Test F1: 0.2813
2025-03-05 18:51:40,321 [INFO ] Train F1: 0.4134
2025-03-05 18:53:10,259 [INFO ] Validation F1: 0.4376
2025-03-05 18:53:10,259 [INFO ] Test F1: 0.4260
2025-03-05 18:55:36,490 [INFO ] Train F1: 0.4482
2025-03-05 18:56:48,503 [INFO ] Validation F1: 0.3868
2025-03-05 18:56:48,503 [INFO ] Test F1: 0.2829
2025-03-05 18:59:11,028 [INFO ] Train F1: 0.4351
2025-03-05 19:00:24,681 [INFO ] Validation F1: 0.4297
2025-03-05 19:00:24,681 [INFO ] Test F1: 0.2995
2025-03-05 19:03:13,702 [INFO ] Train F1: 0.4638
2025-03-05 19:05:03,556 [INFO ] Validation F1: 0.3922
2025-03-05 19:05:03,557 [INFO ] Test F1: 0.2564
2025-03-05 19:08:25,363 [INFO ] Train F1: 0.4465
2025-03-05 19:09:55,901 [INFO ] Validation F1: 0.4115
2025-03-05 19:09:55,902 [INFO ] Test F1: 0.2482
2025-03-05 19:12:55,016 [INFO ] Train F1: 0.4526
2025-03-05 19:14:35,837 [INFO ] Validation F1: 0.3851
2025-03-05 19:14:35,838 [INFO ] Test F1: 0.2223
2025-03-05 19:17:42,576 [INFO ] Train F1: 0.4426
2025-03-05 19:19:31,130 [INFO ] Validation F1: 0.4400
2025-03-05 19:19:31,130 [INFO ] Test F1: 0.3486
2025-03-05 19:22:52,803 [INFO ] Train F1: 0.4572
2025-03-05 19:24:48,718 [INFO ] Validation F1: 0.3903
2025-03-05 19:24:48,718 [INFO ] Test F1: 0.2376
2025-03-05 19:27:44,733 [INFO ] Train F1: 0.4514
2025-03-05 19:29:20,495 [INFO ] Validation F1: 0.4192
2025-03-05 19:29:20,497 [INFO ] Test F1: 0.3059
2025-03-05 19:32:41,261 [INFO ] Train F1: 0.4521
2025-03-05 19:34:18,637 [INFO ] Validation F1: 0.4299
2025-03-05 19:34:18,639 [INFO ] Test F1: 0.3310
2025-03-05 19:37:45,314 [INFO ] Train F1: 0.4570
2025-03-05 19:39:41,027 [INFO ] Validation F1: 0.4002
2025-03-05 19:39:41,027 [INFO ] Test F1: 0.2816
2025-03-05 19:42:51,957 [INFO ] Train F1: 0.4445
2025-03-05 19:44:54,103 [INFO ] Validation F1: 0.4466
2025-03-05 19:44:54,103 [INFO ] Test F1: 0.3444
2025-03-05 19:47:44,631 [INFO ] Train F1: 0.4598
2025-03-05 19:49:33,373 [INFO ] Validation F1: 0.4263
2025-03-05 19:49:33,375 [INFO ] Test F1: 0.2915
2025-03-05 19:52:41,816 [INFO ] Train F1: 0.4594
2025-03-05 19:54:32,979 [INFO ] Validation F1: 0.3806
2025-03-05 19:54:32,980 [INFO ] Test F1: 0.2304
2025-03-05 19:57:26,690 [INFO ] Train F1: 0.4581
2025-03-05 19:59:06,908 [INFO ] Validation F1: 0.4018
2025-03-05 19:59:06,909 [INFO ] Test F1: 0.2810
2025-03-05 20:01:52,177 [INFO ] Train F1: 0.4566
2025-03-05 20:03:31,107 [INFO ] Validation F1: 0.3579
2025-03-05 20:03:31,108 [INFO ] Test F1: 0.2559
2025-03-05 20:07:46,819 [INFO ] Train F1: 0.4601
2025-03-05 20:09:33,273 [INFO ] Validation F1: 0.4453
2025-03-05 20:09:33,275 [INFO ] Test F1: 0.3306
2025-03-05 20:12:19,382 [INFO ] Train F1: 0.4753
2025-03-05 20:14:01,283 [INFO ] Validation F1: 0.4126
2025-03-05 20:14:01,283 [INFO ] Test F1: 0.2849
2025-03-05 20:17:46,171 [INFO ] Train F1: 0.4682
2025-03-05 20:19:31,678 [INFO ] Validation F1: 0.4406
2025-03-05 20:19:31,678 [INFO ] Test F1: 0.3174
2025-03-05 20:23:17,233 [INFO ] Train F1: 0.4626
2025-03-05 20:25:17,747 [INFO ] Validation F1: 0.4099
2025-03-05 20:25:17,748 [INFO ] Test F1: 0.2974
2025-03-05 20:29:40,990 [INFO ] Train F1: 0.4658
2025-03-05 20:32:05,920 [INFO ] Validation F1: 0.4294
2025-03-05 20:32:05,922 [INFO ] Test F1: 0.3186
2025-03-05 20:35:00,837 [INFO ] Train F1: 0.4585
2025-03-05 20:36:44,796 [INFO ] Validation F1: 0.3957
2025-03-05 20:36:44,796 [INFO ] Test F1: 0.2239
2025-03-05 20:38:54,660 [INFO ] Train F1: 0.4695
2025-03-05 20:40:22,203 [INFO ] Validation F1: 0.3896
2025-03-05 20:40:22,204 [INFO ] Test F1: 0.2775
2025-03-05 20:43:18,895 [INFO ] Train F1: 0.4591
2025-03-05 20:45:04,183 [INFO ] Validation F1: 0.4099
2025-03-05 20:45:04,185 [INFO ] Test F1: 0.3542
2025-03-05 20:47:55,197 [INFO ] Train F1: 0.4479
2025-03-05 20:50:18,826 [INFO ] Validation F1: 0.4366
2025-03-05 20:50:18,826 [INFO ] Test F1: 0.3666
2025-03-05 20:55:14,196 [INFO ] Train F1: 0.4604
2025-03-05 20:56:49,775 [INFO ] Validation F1: 0.4325
2025-03-05 20:56:49,776 [INFO ] Test F1: 0.2991
2025-03-05 20:59:24,360 [INFO ] Train F1: 0.4645
2025-03-05 21:01:01,110 [INFO ] Validation F1: 0.3961
2025-03-05 21:01:01,110 [INFO ] Test F1: 0.2887
2025-03-05 21:04:12,260 [INFO ] Train F1: 0.4851
2025-03-05 21:05:41,778 [INFO ] Validation F1: 0.4060
2025-03-05 21:05:41,779 [INFO ] Test F1: 0.3314
2025-03-05 21:08:37,470 [INFO ] Train F1: 0.4693
2025-03-05 21:10:34,852 [INFO ] Validation F1: 0.3994
2025-03-05 21:10:34,853 [INFO ] Test F1: 0.3188
2025-03-05 21:13:09,998 [INFO ] Train F1: 0.4774
2025-03-05 21:14:42,293 [INFO ] Validation F1: 0.4185
2025-03-05 21:14:42,294 [INFO ] Test F1: 0.3164
2025-03-05 21:17:12,276 [INFO ] Train F1: 0.4660
2025-03-05 21:18:43,459 [INFO ] Validation F1: 0.3914
2025-03-05 21:18:43,460 [INFO ] Test F1: 0.1924
2025-03-05 21:21:57,561 [INFO ] Train F1: 0.4716
2025-03-05 21:23:21,591 [INFO ] Validation F1: 0.3263
2025-03-05 21:23:21,592 [INFO ] Test F1: 0.1815
2025-03-05 21:26:19,025 [INFO ] Train F1: 0.4682
2025-03-05 21:27:51,852 [INFO ] Validation F1: 0.4136
2025-03-05 21:27:51,853 [INFO ] Test F1: 0.2598
2025-03-05 21:30:12,696 [INFO ] Train F1: 0.4678
2025-03-05 21:31:35,919 [INFO ] Validation F1: 0.3490
2025-03-05 21:31:35,920 [INFO ] Test F1: 0.1728
2025-03-05 21:56:17,017 [INFO ] Random seed set as 1
2025-03-05 21:56:17,017 [INFO ] Retrieving data
2025-03-05 21:57:02,486 [INFO ] Random seed set as 1
2025-03-05 21:57:02,486 [INFO ] Retrieving data
2025-03-05 21:57:04,475 [INFO ] Available Edge Features: ['EdgeID', 'from_id', 'to_id', 'Timestamp', 'Amount Sent', 'Sent Currency', 'Amount Received', 'Received Currency', 'Payment Format', 'Is Laundering']
2025-03-05 21:57:36,992 [INFO ] Illicit ratio = 5177 / 5078345 = 0.10%
2025-03-05 21:57:36,993 [INFO ] Number of nodes (holdings doing transcations) = 515088
2025-03-05 21:57:36,995 [INFO ] Number of transactions = 5078345
2025-03-05 21:57:36,995 [INFO ] Edge features being used: ['Timestamp', 'Amount Received', 'Received Currency', 'Payment Format']
2025-03-05 21:57:36,997 [INFO ] Node features being used: ['Feature'] ("Feature" is a placeholder feature of all 1s)
2025-03-05 21:57:37,102 [INFO ] number of days and transactions in the data: 18 days, 5078345 transactions
2025-03-05 21:57:37,254 [INFO ] Calculate split: [[0, 1, 2, 3, 4, 5], [6, 7], [8, 9, 10, 11, 12, 13, 14, 15, 16, 17]]
2025-03-05 21:57:37,264 [INFO ] Total train samples: 63.98% || IR: 0.08% || Train days: [0, 1, 2, 3, 4]
2025-03-05 21:57:37,266 [INFO ] Total val samples: 19.01% || IR: 0.11% || Val days: [6, 7]
2025-03-05 21:57:37,267 [INFO ] Total test samples: 17.01% || IR: 0.19% || Test days: [8, 9, 10, 11, 12]
2025-03-05 21:57:37,313 [INFO ] Start: adding ports
2025-03-05 22:05:18,671 [INFO ] Done: adding ports
2025-03-05 22:05:19,184 [INFO ] train data object: HeteroGraphData(
  readout='edge',
  node={ x=[515088, 1] },
  (node, to, node)={
    edge_index=[2, 3248921],
    edge_attr=[3248921, 6],
    y=[3248921],
    timestamps=[3248921],
  },
  (node, rev_to, node)={
    edge_index=[2, 3248921],
    edge_attr=[3248921, 6],
  }
)
2025-03-05 22:05:19,185 [INFO ] validation data object: HeteroGraphData(
  readout='edge',
  node={ x=[515088, 1] },
  (node, to, node)={
    edge_index=[2, 4214445],
    edge_attr=[4214445, 6],
    y=[4214445],
    timestamps=[4214445],
  },
  (node, rev_to, node)={
    edge_index=[2, 4214445],
    edge_attr=[4214445, 6],
  }
)
2025-03-05 22:05:19,185 [INFO ] test data object: HeteroGraphData(
  readout='edge',
  node={ x=[515088, 1] },
  (node, to, node)={
    edge_index=[2, 5078345],
    edge_attr=[5078345, 6],
    y=[5078345],
    timestamps=[5078345],
  },
  (node, rev_to, node)={
    edge_index=[2, 5078345],
    edge_attr=[5078345, 6],
  }
)
2025-03-05 22:05:19,193 [INFO ] Retrieved data in 496.71s
2025-03-05 22:05:19,194 [INFO ] Running Training
2025-03-05 22:05:21,942 [INFO ] +------------------------------------------+-----------------------------------------+----------------+----------+
| Layer                                    | Input Shape                             | Output Shape   | #Param   |
|------------------------------------------+-----------------------------------------+----------------+----------|
| GraphModule                              |                                         |                | 147,228  |
| ©À©¤(node_emb)ModuleDict                   | --                                      | --             | 198      |
| ©¦    ©¸©¤(node)Linear                      | [150952, 2]                             | [150952, 66]   | 198      |
| ©À©¤(edge_emb)ModuleDict                   | --                                      | --             | 924      |
| ©¦    ©¸©¤(node__to__node)Linear            | [700021, 6]                             | [700021, 66]   | 462      |
| ©¦    ©¸©¤(node__rev_to__node)Linear        | [890669, 6]                             | [890669, 66]   | 462      |
| ©À©¤(convs)ModuleList                      | --                                      | --             | 53,064   |
| ©¦    ©¸©¤(0)ModuleDict                     | --                                      | --             | 26,532   |
| ©¦    ©¦    ©¸©¤(node__to__node)GINEConv     | [150952, 66], [2, 700021], [700021, 66] | [150952, 66]   | 13,266   |
| ©¦    ©¦    ©¸©¤(node__rev_to__node)GINEConv | [150952, 66], [2, 890669], [890669, 66] | [150952, 66]   | 13,266   |
| ©¦    ©¸©¤(1)ModuleDict                     | --                                      | --             | 26,532   |
| ©¦    ©¦    ©¸©¤(node__to__node)GINEConv     | [150952, 66], [2, 700021], [700021, 66] | [150952, 66]   | 13,266   |
| ©¦    ©¦    ©¸©¤(node__rev_to__node)GINEConv | [150952, 66], [2, 890669], [890669, 66] | [150952, 66]   | 13,266   |
| ©À©¤(batch_norms)ModuleList                | --                                      | --             | 264      |
| ©¦    ©¸©¤(0)ModuleDict                     | --                                      | --             | 132      |
| ©¦    ©¦    ©¸©¤(node)BatchNorm              | [150952, 66]                            | [150952, 66]   | 132      |
| ©¦    ©¸©¤(1)ModuleDict                     | --                                      | --             | 132      |
| ©¦    ©¦    ©¸©¤(node)BatchNorm              | [150952, 66]                            | [150952, 66]   | 132      |
| ©À©¤(emlps)ModuleList                      | --                                      | --             | 70,224   |
| ©¦    ©¸©¤(0)ModuleList                     | --                                      | --             | 35,112   |
| ©¦    ©¦    ©¸©¤(0)ModuleDict                | --                                      | --             | 26,268   |
| ©¦    ©¦    ©¸©¤(1)ModuleDict                | --                                      | --             | --       |
| ©¦    ©¦    ©¸©¤(2)ModuleDict                | --                                      | --             | 8,844    |
| ©¦    ©¸©¤(1)ModuleList                     | --                                      | --             | 35,112   |
| ©¦    ©¦    ©¸©¤(0)ModuleDict                | --                                      | --             | 26,268   |
| ©¦    ©¦    ©¸©¤(1)ModuleDict                | --                                      | --             | --       |
| ©¦    ©¦    ©¸©¤(2)ModuleDict                | --                                      | --             | 8,844    |
| ©À©¤(mlp)ModuleList                        | --                                      | --             | 22,554   |
| ©¦    ©¸©¤(0)ModuleDict                     | --                                      | --             | 19,900   |
| ©¦    ©¦    ©¸©¤(node__to__node)Linear       | [700021, 198]                           | [700021, 50]   | 9,950    |
| ©¦    ©¦    ©¸©¤(node__rev_to__node)Linear   | [890669, 198]                           | [890669, 50]   | 9,950    |
| ©¦    ©¸©¤(1)ModuleDict                     | --                                      | --             | --       |
| ©¦    ©¦    ©¸©¤(node__to__node)ReLU         | [700021, 50]                            | [700021, 50]   | --       |
| ©¦    ©¦    ©¸©¤(node__rev_to__node)ReLU     | [890669, 50]                            | [890669, 50]   | --       |
| ©¦    ©¸©¤(2)ModuleDict                     | --                                      | --             | --       |
| ©¦    ©¦    ©¸©¤(node__to__node)Dropout      | [700021, 50]                            | [700021, 50]   | --       |
| ©¦    ©¦    ©¸©¤(node__rev_to__node)Dropout  | [890669, 50]                            | [890669, 50]   | --       |
| ©¦    ©¸©¤(3)ModuleDict                     | --                                      | --             | 2,550    |
| ©¦    ©¦    ©¸©¤(node__to__node)Linear       | [700021, 50]                            | [700021, 25]   | 1,275    |
| ©¦    ©¦    ©¸©¤(node__rev_to__node)Linear   | [890669, 50]                            | [890669, 25]   | 1,275    |
| ©¦    ©¸©¤(4)ModuleDict                     | --                                      | --             | --       |
| ©¦    ©¦    ©¸©¤(node__to__node)ReLU         | [700021, 25]                            | [700021, 25]   | --       |
| ©¦    ©¦    ©¸©¤(node__rev_to__node)ReLU     | [890669, 25]                            | [890669, 25]   | --       |
| ©¦    ©¸©¤(5)ModuleDict                     | --                                      | --             | --       |
| ©¦    ©¦    ©¸©¤(node__to__node)Dropout      | [700021, 25]                            | [700021, 25]   | --       |
| ©¦    ©¦    ©¸©¤(node__rev_to__node)Dropout  | [890669, 25]                            | [890669, 25]   | --       |
| ©¦    ©¸©¤(6)ModuleDict                     | --                                      | --             | 104      |
| ©¦    ©¦    ©¸©¤(node__to__node)Linear       | [700021, 25]                            | [700021, 2]    | 52       |
| ©¦    ©¦    ©¸©¤(node__rev_to__node)Linear   | [890669, 25]                            | [890669, 2]    | 52       |
+------------------------------------------+-----------------------------------------+----------------+----------+
2025-03-05 23:12:52,580 [INFO ] Train F1: 0.0014
2025-03-05 23:51:46,126 [INFO ] Validation F1: 0.0228
2025-03-05 23:51:46,127 [INFO ] Test F1: 0.0467
2025-03-06 00:45:03,689 [INFO ] Train F1: 0.1793
2025-03-06 01:21:19,601 [INFO ] Validation F1: 0.3044
2025-03-06 01:21:19,602 [INFO ] Test F1: 0.4768
2025-03-06 02:11:46,021 [INFO ] Train F1: 0.2752
2025-03-06 02:47:49,374 [INFO ] Validation F1: 0.2919
2025-03-06 02:47:49,375 [INFO ] Test F1: 0.3959
2025-03-06 03:37:08,078 [INFO ] Train F1: 0.3160
2025-03-06 04:13:00,537 [INFO ] Validation F1: 0.3084
2025-03-06 04:13:00,537 [INFO ] Test F1: 0.2884
2025-03-06 05:02:36,972 [INFO ] Train F1: 0.3593
2025-03-06 05:38:28,471 [INFO ] Validation F1: 0.4248
2025-03-06 05:38:28,472 [INFO ] Test F1: 0.5053
2025-03-06 06:27:39,205 [INFO ] Train F1: 0.3523
2025-03-06 07:03:40,679 [INFO ] Validation F1: 0.4417
2025-03-06 07:03:40,679 [INFO ] Test F1: 0.5550
2025-03-06 07:53:20,025 [INFO ] Train F1: 0.3858
2025-03-06 08:29:31,110 [INFO ] Validation F1: 0.4291
2025-03-06 08:29:31,110 [INFO ] Test F1: 0.4563
2025-03-06 09:18:58,573 [INFO ] Train F1: 0.4226
2025-03-06 09:55:00,849 [INFO ] Validation F1: 0.4092
2025-03-06 09:55:00,850 [INFO ] Test F1: 0.5395
2025-03-06 10:45:02,063 [INFO ] Train F1: 0.4414
2025-03-06 11:21:05,592 [INFO ] Validation F1: 0.5096
2025-03-06 11:21:05,593 [INFO ] Test F1: 0.5859
2025-03-06 12:10:25,033 [INFO ] Train F1: 0.4465
2025-03-06 12:46:26,412 [INFO ] Validation F1: 0.5132
2025-03-06 12:46:26,413 [INFO ] Test F1: 0.5381
2025-03-06 13:38:09,739 [INFO ] Train F1: 0.4631
2025-03-06 14:17:29,162 [INFO ] Validation F1: 0.4330
2025-03-06 14:17:29,162 [INFO ] Test F1: 0.4420
2025-03-06 15:12:59,660 [INFO ] Train F1: 0.4675
2025-03-06 15:50:28,458 [INFO ] Validation F1: 0.5054
2025-03-06 15:50:28,459 [INFO ] Test F1: 0.5565
2025-03-06 16:41:09,118 [INFO ] Train F1: 0.4794
2025-03-06 17:17:20,721 [INFO ] Validation F1: 0.5101
2025-03-06 17:17:20,722 [INFO ] Test F1: 0.5516
2025-03-06 18:07:56,705 [INFO ] Train F1: 0.4645
2025-03-06 18:44:35,402 [INFO ] Validation F1: 0.4585
2025-03-06 18:44:35,403 [INFO ] Test F1: 0.5498
2025-03-06 21:26:46,617 [INFO ] Train F1: 0.4594
2025-03-06 23:24:06,531 [INFO ] Validation F1: 0.4054
2025-03-06 23:24:06,533 [INFO ] Test F1: 0.4312
2025-03-07 00:40:38,116 [INFO ] Train F1: 0.4852
2025-03-07 01:16:49,836 [INFO ] Validation F1: 0.4298
2025-03-07 01:16:49,837 [INFO ] Test F1: 0.5110
2025-03-07 02:25:15,513 [INFO ] Train F1: 0.4835
2025-03-07 03:06:01,529 [INFO ] Validation F1: 0.5242
2025-03-07 03:06:01,529 [INFO ] Test F1: 0.5649
2025-03-07 04:06:52,504 [INFO ] Train F1: 0.4916
2025-03-07 04:50:21,201 [INFO ] Validation F1: 0.3614
2025-03-07 04:50:21,202 [INFO ] Test F1: 0.3708
2025-03-07 05:45:46,682 [INFO ] Train F1: 0.4765
2025-03-07 06:22:38,305 [INFO ] Validation F1: 0.4521
2025-03-07 06:22:38,305 [INFO ] Test F1: 0.5201
2025-03-07 07:13:12,181 [INFO ] Train F1: 0.4797
2025-03-07 07:49:37,541 [INFO ] Validation F1: 0.5337
2025-03-07 07:49:37,541 [INFO ] Test F1: 0.5738
2025-03-07 08:41:46,294 [INFO ] Train F1: 0.4699
2025-03-07 09:22:03,915 [INFO ] Validation F1: 0.4461
2025-03-07 09:22:03,916 [INFO ] Test F1: 0.4968
2025-03-07 10:13:50,097 [INFO ] Train F1: 0.5041
2025-03-07 10:53:16,507 [INFO ] Validation F1: 0.4910
2025-03-07 10:53:16,508 [INFO ] Test F1: 0.5524
2025-03-07 11:47:48,183 [INFO ] Train F1: 0.4966
2025-03-07 12:27:17,041 [INFO ] Validation F1: 0.3039
2025-03-07 12:27:17,042 [INFO ] Test F1: 0.3582
2025-03-07 13:21:51,336 [INFO ] Train F1: 0.4980
2025-03-07 14:01:19,194 [INFO ] Validation F1: 0.5410
2025-03-07 14:01:19,195 [INFO ] Test F1: 0.5886
2025-03-07 14:58:11,616 [INFO ] Train F1: 0.4927
2025-03-07 15:37:53,104 [INFO ] Validation F1: 0.5178
2025-03-07 15:37:53,104 [INFO ] Test F1: 0.5500
2025-03-07 16:33:10,197 [INFO ] Train F1: 0.5199
2025-03-07 17:13:12,338 [INFO ] Validation F1: 0.5224
2025-03-07 17:13:12,338 [INFO ] Test F1: 0.5608
2025-03-07 18:38:16,677 [INFO ] Train F1: 0.5155
2025-03-07 19:14:48,498 [INFO ] Validation F1: 0.3064
2025-03-07 19:14:48,498 [INFO ] Test F1: 0.2315
2025-03-07 20:05:02,604 [INFO ] Train F1: 0.4997
2025-03-07 20:41:26,054 [INFO ] Validation F1: 0.3762
2025-03-07 20:41:26,056 [INFO ] Test F1: 0.3947
2025-03-07 21:32:48,786 [INFO ] Train F1: 0.4965
2025-03-07 22:09:10,873 [INFO ] Validation F1: 0.5472
2025-03-07 22:09:10,874 [INFO ] Test F1: 0.5702
2025-03-07 23:02:43,212 [INFO ] Train F1: 0.5308
2025-03-07 23:40:14,160 [INFO ] Validation F1: 0.5255
2025-03-07 23:40:14,161 [INFO ] Test F1: 0.6406
2025-03-08 00:36:23,473 [INFO ] Train F1: 0.4990
2025-03-08 01:12:07,049 [INFO ] Validation F1: 0.5860
2025-03-08 01:12:07,049 [INFO ] Test F1: 0.6423
2025-03-08 02:08:41,118 [INFO ] Train F1: 0.5114
2025-03-08 02:45:36,498 [INFO ] Validation F1: 0.5516
2025-03-08 02:45:36,499 [INFO ] Test F1: 0.6121
2025-03-08 03:35:50,880 [INFO ] Train F1: 0.5243
2025-03-08 04:13:29,852 [INFO ] Validation F1: 0.5394
2025-03-08 04:13:29,853 [INFO ] Test F1: 0.5916
2025-03-08 05:03:31,110 [INFO ] Train F1: 0.5178
2025-03-08 05:39:19,765 [INFO ] Validation F1: 0.5419
2025-03-08 05:39:19,765 [INFO ] Test F1: 0.6388
2025-03-08 06:30:04,417 [INFO ] Train F1: 0.5123
2025-03-08 07:06:12,519 [INFO ] Validation F1: 0.5655
2025-03-08 07:06:12,520 [INFO ] Test F1: 0.6363
2025-03-08 07:56:08,645 [INFO ] Train F1: 0.5261
2025-03-08 08:32:16,831 [INFO ] Validation F1: 0.2308
2025-03-08 08:32:16,832 [INFO ] Test F1: 0.2662
2025-03-08 09:22:51,789 [INFO ] Train F1: 0.5329
2025-03-08 09:59:30,721 [INFO ] Validation F1: 0.3195
2025-03-08 09:59:30,722 [INFO ] Test F1: 0.3964
2025-03-08 10:49:53,530 [INFO ] Train F1: 0.5278
2025-03-08 11:26:12,940 [INFO ] Validation F1: 0.3961
2025-03-08 11:26:12,941 [INFO ] Test F1: 0.4969
2025-03-08 12:16:46,831 [INFO ] Train F1: 0.5311
2025-03-08 12:53:21,099 [INFO ] Validation F1: 0.3821
2025-03-08 12:53:21,100 [INFO ] Test F1: 0.4816
2025-03-08 13:43:05,420 [INFO ] Train F1: 0.5228
2025-03-08 14:18:45,978 [INFO ] Validation F1: 0.3071
2025-03-08 14:18:45,978 [INFO ] Test F1: 0.3855
2025-03-08 15:10:24,145 [INFO ] Train F1: 0.5336
2025-03-08 15:46:18,908 [INFO ] Validation F1: 0.4031
2025-03-08 15:46:18,908 [INFO ] Test F1: 0.4831
2025-03-08 16:35:27,209 [INFO ] Train F1: 0.5170
2025-03-08 17:11:32,646 [INFO ] Validation F1: 0.3874
2025-03-08 17:11:32,647 [INFO ] Test F1: 0.4511
2025-03-08 18:57:48,451 [INFO ] Train F1: 0.5223
2025-03-08 20:28:01,600 [INFO ] Validation F1: 0.3366
2025-03-08 20:28:01,600 [INFO ] Test F1: 0.4363
2025-03-08 22:47:19,586 [INFO ] Train F1: 0.5492
2025-03-08 23:23:43,559 [INFO ] Validation F1: 0.5419
2025-03-08 23:23:43,560 [INFO ] Test F1: 0.5419
2025-03-09 00:14:52,578 [INFO ] Train F1: 0.5363
2025-03-09 00:51:27,763 [INFO ] Validation F1: 0.3777
2025-03-09 00:51:27,763 [INFO ] Test F1: 0.4197
2025-03-09 01:42:21,711 [INFO ] Train F1: 0.5492
2025-03-09 03:18:47,311 [INFO ] Validation F1: 0.5039
2025-03-09 03:18:47,311 [INFO ] Test F1: 0.5378
2025-03-09 04:09:26,384 [INFO ] Train F1: 0.4330
2025-03-09 04:45:53,514 [INFO ] Validation F1: 0.4568
2025-03-09 04:45:53,515 [INFO ] Test F1: 0.4960
2025-03-09 05:36:47,804 [INFO ] Train F1: 0.4776
2025-03-09 06:13:18,378 [INFO ] Validation F1: 0.5239
2025-03-09 06:13:18,378 [INFO ] Test F1: 0.5624
2025-03-09 07:04:55,992 [INFO ] Train F1: 0.5325
2025-03-09 07:41:53,483 [INFO ] Validation F1: 0.4931
2025-03-09 07:41:53,484 [INFO ] Test F1: 0.5823
2025-03-09 08:33:58,514 [INFO ] Train F1: 0.5409
2025-03-09 09:10:09,134 [INFO ] Validation F1: 0.5122
2025-03-09 09:10:09,135 [INFO ] Test F1: 0.5466
2025-03-09 10:00:54,991 [INFO ] Train F1: 0.5401
2025-03-09 10:36:38,049 [INFO ] Validation F1: 0.5485
2025-03-09 10:36:38,050 [INFO ] Test F1: 0.6518
2025-03-09 11:29:00,233 [INFO ] Train F1: 0.5189
2025-03-09 12:04:54,687 [INFO ] Validation F1: 0.4250
2025-03-09 12:04:54,688 [INFO ] Test F1: 0.4767
2025-03-09 12:54:10,207 [INFO ] Train F1: 0.5379
2025-03-09 13:29:57,232 [INFO ] Validation F1: 0.3374
2025-03-09 13:29:57,232 [INFO ] Test F1: 0.3831
2025-03-09 14:20:48,995 [INFO ] Train F1: 0.5355
2025-03-09 14:56:32,235 [INFO ] Validation F1: 0.1914
2025-03-09 14:56:32,235 [INFO ] Test F1: 0.2492
2025-03-09 15:46:47,913 [INFO ] Train F1: 0.5305
2025-03-09 16:22:22,436 [INFO ] Validation F1: 0.2100
2025-03-09 16:22:22,437 [INFO ] Test F1: 0.2496
2025-03-09 17:11:43,902 [INFO ] Train F1: 0.3618
2025-03-09 17:48:59,477 [INFO ] Validation F1: 0.2015
2025-03-09 17:48:59,477 [INFO ] Test F1: 0.2311
2025-03-09 18:42:46,699 [INFO ] Train F1: 0.4830
2025-03-09 19:20:52,214 [INFO ] Validation F1: 0.1775
2025-03-09 19:20:52,214 [INFO ] Test F1: 0.2669
2025-03-09 20:12:27,220 [INFO ] Train F1: 0.5220
2025-03-09 20:25:30,813 [INFO ] Random seed set as 1
2025-03-09 20:25:30,813 [INFO ] Retrieving data
2025-03-09 20:27:50,606 [INFO ] Random seed set as 1
2025-03-09 20:27:50,606 [INFO ] Retrieving data
2025-03-09 20:28:30,901 [INFO ] Random seed set as 1
2025-03-09 20:28:30,902 [INFO ] Retrieving data
2025-03-09 20:30:16,445 [INFO ] Random seed set as 1
2025-03-09 20:30:16,445 [INFO ] Retrieving data
2025-03-09 20:30:18,219 [INFO ] Available Edge Features: ['EdgeID', 'from_id', 'to_id', 'Timestamp', 'Amount Sent', 'Sent Currency', 'Amount Received', 'Received Currency', 'Payment Format', 'Is Laundering']
2025-03-09 20:30:45,535 [INFO ] Illicit ratio = 5177 / 5078345 = 0.10%
2025-03-09 20:30:45,535 [INFO ] Number of nodes (holdings doing transcations) = 515088
2025-03-09 20:30:45,536 [INFO ] Number of transactions = 5078345
2025-03-09 20:30:45,536 [INFO ] Edge features being used: ['Timestamp', 'Amount Received', 'Received Currency', 'Payment Format']
2025-03-09 20:30:45,536 [INFO ] Node features being used: ['Feature'] ("Feature" is a placeholder feature of all 1s)
2025-03-09 20:30:45,641 [INFO ] number of days and transactions in the data: 18 days, 5078345 transactions
2025-03-09 20:30:45,719 [INFO ] Calculate split: [[0, 1, 2, 3, 4, 5], [6, 7], [8, 9, 10, 11, 12, 13, 14, 15, 16, 17]]
2025-03-09 20:30:45,725 [INFO ] Total train samples: 63.98% || IR: 0.08% || Train days: [0, 1, 2, 3, 4]
2025-03-09 20:30:45,727 [INFO ] Total val samples: 19.01% || IR: 0.11% || Val days: [6, 7]
2025-03-09 20:30:45,728 [INFO ] Total test samples: 17.01% || IR: 0.19% || Test days: [8, 9, 10, 11, 12]
2025-03-09 20:30:45,765 [INFO ] Start: adding ports
2025-03-09 20:36:07,461 [INFO ] Done: adding ports
2025-03-09 20:36:07,851 [INFO ] train data object: HeteroGraphData(
  readout='edge',
  node={ x=[515088, 1] },
  (node, to, node)={
    edge_index=[2, 3248921],
    edge_attr=[3248921, 6],
    y=[3248921],
    timestamps=[3248921],
  },
  (node, rev_to, node)={
    edge_index=[2, 3248921],
    edge_attr=[3248921, 6],
  }
)
2025-03-09 20:36:07,852 [INFO ] validation data object: HeteroGraphData(
  readout='edge',
  node={ x=[515088, 1] },
  (node, to, node)={
    edge_index=[2, 4214445],
    edge_attr=[4214445, 6],
    y=[4214445],
    timestamps=[4214445],
  },
  (node, rev_to, node)={
    edge_index=[2, 4214445],
    edge_attr=[4214445, 6],
  }
)
2025-03-09 20:36:07,853 [INFO ] test data object: HeteroGraphData(
  readout='edge',
  node={ x=[515088, 1] },
  (node, to, node)={
    edge_index=[2, 5078345],
    edge_attr=[5078345, 6],
    y=[5078345],
    timestamps=[5078345],
  },
  (node, rev_to, node)={
    edge_index=[2, 5078345],
    edge_attr=[5078345, 6],
  }
)
2025-03-09 20:36:07,858 [INFO ] Retrieved data in 351.41s
2025-03-09 20:36:07,858 [INFO ] Running Inference
